<?xml version="1.0" encoding="utf-8"?>
<?AutomationStudio Version="4.3.3.196"?>
<Objects>
  <Object
    Path="C:\Users\Kasper\Documents\Matematik RobTek\LyskrydsTA\Logical\Package.pkg"
    LogicalPath=""
    Type="Package"
    LastWriteTime="131553842214035664" />
  <Object
    Path="C:\Users\Kasper\Documents\Matematik RobTek\LyskrydsTA\Logical\Global.typ"
    LogicalPath="Global.typ"
    Type="File"
    LastWriteTime="131552285172434755"
    Private="false" />
  <Object
    Path="C:\Users\Kasper\Documents\Matematik RobTek\LyskrydsTA\Logical\Global.var"
    LogicalPath="Global.var"
    Type="File"
    LastWriteTime="131552285172434755"
    Private="false" />
  <Object
    Path="C:\Users\Kasper\Documents\Matematik RobTek\LyskrydsTA\Logical\Libraries\Package.pkg"
    LogicalPath="Libraries"
    Type="Package"
    LastWriteTime="131552299623814698" />
  <Object
    Path="C:\Users\Kasper\Documents\Matematik RobTek\LyskrydsTA\Logical\Libraries\operator\Binary.lby"
    LogicalPath="Libraries.operator"
    Type="Library"
    LastWriteTime="131552285207704489" />
  <Object
    Path="C:\Users\Kasper\Documents\Matematik RobTek\LyskrydsTA\Logical\Libraries\operator\operator.fun"
    LogicalPath="Libraries.operator.operator.fun"
    Type="File"
    LastWriteTime="131552285207548252"
    Private="false" />
  <Object
    Path="C:\Users\Kasper\Documents\Matematik RobTek\LyskrydsTA\Logical\Libraries\operator\operator.typ"
    LogicalPath="Libraries.operator.operator.typ"
    Type="File"
    LastWriteTime="131552285207548252"
    Private="false" />
  <Object
    Path="C:\Users\Kasper\Documents\Matematik RobTek\LyskrydsTA\Logical\Libraries\operator\operator.var"
    LogicalPath="Libraries.operator.operator.var"
    Type="File"
    LastWriteTime="131552285207704489"
    Private="false" />
  <Object
    Path="C:\Users\Kasper\Documents\Matematik RobTek\LyskrydsTA\Logical\Libraries\runtime\Binary.lby"
    LogicalPath="Libraries.runtime"
    Type="Library"
    LastWriteTime="131552285219234003" />
  <Object
    Path="C:\Users\Kasper\Documents\Matematik RobTek\LyskrydsTA\Logical\Libraries\runtime\runtime.fun"
    LogicalPath="Libraries.runtime.runtime.fun"
    Type="File"
    LastWriteTime="131552285219077760"
    Private="false" />
  <Object
    Path="C:\Users\Kasper\Documents\Matematik RobTek\LyskrydsTA\Logical\Libraries\runtime\runtime.typ"
    LogicalPath="Libraries.runtime.runtime.typ"
    Type="File"
    LastWriteTime="131552285219077760"
    Private="false" />
  <Object
    Path="C:\Users\Kasper\Documents\Matematik RobTek\LyskrydsTA\Logical\Libraries\runtime\runtime.var"
    LogicalPath="Libraries.runtime.runtime.var"
    Type="File"
    LastWriteTime="131552285219234003"
    Private="false" />
  <Object
    Path="C:\Users\Kasper\Documents\Matematik RobTek\LyskrydsTA\Logical\Libraries\astime\Binary.lby"
    LogicalPath="Libraries.astime"
    Type="Library"
    LastWriteTime="131552285230530379" />
  <Object
    Path="C:\Users\Kasper\Documents\Matematik RobTek\LyskrydsTA\Logical\Libraries\astime\astime.fun"
    LogicalPath="Libraries.astime.astime.fun"
    Type="File"
    LastWriteTime="131552285230218110"
    Private="false" />
  <Object
    Path="C:\Users\Kasper\Documents\Matematik RobTek\LyskrydsTA\Logical\Libraries\astime\astime.typ"
    LogicalPath="Libraries.astime.astime.typ"
    Type="File"
    LastWriteTime="131552285230374154"
    Private="false" />
  <Object
    Path="C:\Users\Kasper\Documents\Matematik RobTek\LyskrydsTA\Logical\Libraries\astime\astime.var"
    LogicalPath="Libraries.astime.astime.var"
    Type="File"
    LastWriteTime="131552285230374154"
    Private="false" />
  <Object
    Path="C:\Users\Kasper\Documents\Matematik RobTek\LyskrydsTA\Logical\Libraries\AsIecCon\Binary.lby"
    LogicalPath="Libraries.AsIecCon"
    Type="Library"
    LastWriteTime="131552285241793254" />
  <Object
    Path="C:\Users\Kasper\Documents\Matematik RobTek\LyskrydsTA\Logical\Libraries\AsIecCon\AsIecCon.fun"
    LogicalPath="Libraries.AsIecCon.AsIecCon.fun"
    Type="File"
    LastWriteTime="131552285241324392"
    Private="false" />
  <Object
    Path="C:\Users\Kasper\Documents\Matematik RobTek\LyskrydsTA\Logical\Libraries\AsIecCon\AsIecCon.typ"
    LogicalPath="Libraries.AsIecCon.AsIecCon.typ"
    Type="File"
    LastWriteTime="131552285241324392"
    Private="false" />
  <Object
    Path="C:\Users\Kasper\Documents\Matematik RobTek\LyskrydsTA\Logical\Libraries\AsIecCon\AsIecCon.var"
    LogicalPath="Libraries.AsIecCon.AsIecCon.var"
    Type="File"
    LastWriteTime="131552285241793254"
    Private="false" />
  <Object
    Path="C:\Users\Kasper\Documents\Matematik RobTek\LyskrydsTA\Logical\Libraries\standard\Binary.lby"
    LogicalPath="Libraries.standard"
    Type="Library"
    LastWriteTime="131552299611626567" />
  <Object
    Path="C:\Users\Kasper\Documents\Matematik RobTek\LyskrydsTA\Logical\Libraries\standard\standard.fun"
    LogicalPath="Libraries.standard.standard.fun"
    Type="File"
    LastWriteTime="131552299606470055"
    Private="false" />
  <Object
    Path="C:\Users\Kasper\Documents\Matematik RobTek\LyskrydsTA\Logical\Libraries\standard\standard.typ"
    LogicalPath="Libraries.standard.standard.typ"
    Type="File"
    LastWriteTime="131552299606626310"
    Private="false" />
  <Object
    Path="C:\Users\Kasper\Documents\Matematik RobTek\LyskrydsTA\Logical\Libraries\standard\standard.var"
    LogicalPath="Libraries.standard.standard.var"
    Type="File"
    LastWriteTime="131552299611470360"
    Private="false" />
  <Object
    Path="C:\Users\Kasper\Documents\Matematik RobTek\LyskrydsTA\Logical\Program\IEC.prg"
    LogicalPath="Program"
    Type="Program"
    LastWriteTime="131552285467011906" />
  <Object
    Path="C:\Users\Kasper\Documents\Matematik RobTek\LyskrydsTA\Logical\Program\Main.st"
    LogicalPath="Program.Main.st"
    Type="File"
    LastWriteTime="131553859968372105"
    Private="false" />
  <Object
    Path="C:\Users\Kasper\Documents\Matematik RobTek\LyskrydsTA\Logical\Program\Types.typ"
    LogicalPath="Program.Types.typ"
    Type="File"
    LastWriteTime="131553859970213350"
    Private="true" />
  <Object
    Path="C:\Users\Kasper\Documents\Matematik RobTek\LyskrydsTA\Logical\Program\Variables.var"
    LogicalPath="Program.Variables.var"
    Type="File"
    LastWriteTime="131553859968972511"
    Private="true" />
  <Object
    Path="C:\Users\Kasper\Documents\Matematik RobTek\LyskrydsTA\Logical\Visu\Vc.dob"
    LogicalPath="Visu"
    Type="DataObject"
    LastWriteTime="131553842212704762" />
  <Object
    Path="C:\Users\Kasper\Documents\Matematik RobTek\LyskrydsTA\Logical\Visu\VCObject.vc"
    LogicalPath="Visu.VCObject.vc"
    Type="File"
    LastWriteTime="131553842212584682"
    Private="false" />
  <Object
    Path="C:\Users\Kasper\Documents\Matematik RobTek\LyskrydsTA\Physical\Config1\Config.pkg"
    LogicalPath="Config1"
    Type="Configuration"
    LastWriteTime="131552285270501436" />
  <Object
    Path="C:\Users\Kasper\Documents\Matematik RobTek\LyskrydsTA\Physical\Config1\Hardware.hw"
    LogicalPath="Config1.Hardware.hw"
    Type="File"
    LastWriteTime="131553850857325549"
    Private="false" />
  <Object
    Path="C:\Users\Kasper\Documents\Matematik RobTek\LyskrydsTA\Physical\Config1\Hardware.hwl"
    LogicalPath="Config1.Hardware.hwl"
    Type="File"
    LastWriteTime="131341234740000000"
    Private="false" />
  <Object
    Path="C:\Users\Kasper\Documents\Matematik RobTek\LyskrydsTA\Physical\Config1\X20CP1382\Cpu.pkg"
    LogicalPath="Config1.X20CP1382"
    Type="Cpu"
    LastWriteTime="131553850853012629" />
  <Object
    Path="C:\Users\Kasper\Documents\Matematik RobTek\LyskrydsTA\Physical\Config1\X20CP1382\Cpu.sw"
    LogicalPath="Config1.X20CP1382.Cpu.sw"
    Type="File"
    LastWriteTime="131553842221140389"
    Private="false" />
  <Object
    Path="C:\Users\Kasper\Documents\Matematik RobTek\LyskrydsTA\Physical\Config1\X20CP1382\Cpu.per"
    LogicalPath="Config1.X20CP1382.Cpu.per"
    Type="File"
    LastWriteTime="131552285246704679"
    Private="false" />
  <Object
    Path="C:\Users\Kasper\Documents\Matematik RobTek\LyskrydsTA\Physical\Config1\X20CP1382\IoMap.iom"
    LogicalPath="Config1.X20CP1382.IoMap.iom"
    Type="File"
    LastWriteTime="131552285246860964"
    Private="false" />
  <Object
    Path="C:\Users\Kasper\Documents\Matematik RobTek\LyskrydsTA\Physical\Config1\X20CP1382\PvMap.vvm"
    LogicalPath="Config1.X20CP1382.PvMap.vvm"
    Type="File"
    LastWriteTime="131552285247017195"
    Private="false" />
  <Object
    Path="C:\Users\Kasper\Documents\Matematik RobTek\LyskrydsTA\Physical\Config1\X20CP1382\mapp\Package.pkg"
    LogicalPath="Config1.X20CP1382.mapp"
    Type="Package"
    LastWriteTime="131552285247557332" />
  <Object
    Path="C:\Users\Kasper\Documents\Matematik RobTek\LyskrydsTA\Physical\Config1\X20CP1382\Connectivity\Package.pkg"
    LogicalPath="Config1.X20CP1382.Connectivity"
    Type="Package"
    LastWriteTime="131552285247869769" />
  <Object
    Path="C:\Users\Kasper\Documents\Matematik RobTek\LyskrydsTA\Physical\Config1\X20CP1382\Connectivity\OpcUA\Package.pkg"
    LogicalPath="Config1.X20CP1382.Connectivity.OpcUA"
    Type="Package"
    LastWriteTime="131552285247869769" />
  <Object
    Path="C:\Users\Kasper\Documents\Matematik RobTek\LyskrydsTA\Physical\Config1\X20CP1382\TextSystem\Package.pkg"
    LogicalPath="Config1.X20CP1382.TextSystem"
    Type="Package"
    LastWriteTime="131552285248026055" />
  <Object
    Path="C:\Users\Kasper\Documents\Matematik RobTek\LyskrydsTA\Physical\Config1\X20CP1382\UnitSystem\Package.pkg"
    LogicalPath="Config1.X20CP1382.UnitSystem"
    Type="Package"
    LastWriteTime="131552285248400760" />
  <Object
    Path="C:\Users\Kasper\Documents\Matematik RobTek\LyskrydsTA\Physical\Config1\X20CP1382\AccessAndSecurity\Package.pkg"
    LogicalPath="Config1.X20CP1382.AccessAndSecurity"
    Type="Package"
    LastWriteTime="131552285250431562" />
  <Object
    Path="C:\Users\Kasper\Documents\Matematik RobTek\LyskrydsTA\Physical\Config1\X20CP1382\AccessAndSecurity\UserRoleSystem\Package.pkg"
    LogicalPath="Config1.X20CP1382.AccessAndSecurity.UserRoleSystem"
    Type="Package"
    LastWriteTime="131552285248881545" />
  <Object
    Path="C:\Users\Kasper\Documents\Matematik RobTek\LyskrydsTA\Physical\Config1\X20CP1382\AccessAndSecurity\UserRoleSystem\Role.role"
    LogicalPath="Config1.X20CP1382.AccessAndSecurity.UserRoleSystem.Role.role"
    Type="File"
    LastWriteTime="131552285248725284"
    Private="false" />
  <Object
    Path="C:\Users\Kasper\Documents\Matematik RobTek\LyskrydsTA\Physical\Config1\X20CP1382\AccessAndSecurity\UserRoleSystem\User.user"
    LogicalPath="Config1.X20CP1382.AccessAndSecurity.UserRoleSystem.User.user"
    Type="File"
    LastWriteTime="131552285248881545"
    Private="false" />
  <Object
    Path="C:\Users\Kasper\Documents\Matematik RobTek\LyskrydsTA\Physical\Config1\X20CP1382\AccessAndSecurity\CertificateStore\Package.pkg"
    LogicalPath="Config1.X20CP1382.AccessAndSecurity.CertificateStore"
    Type="Package"
    LastWriteTime="131552285250046159" />
  <Object
    Path="C:\Users\Kasper\Documents\Matematik RobTek\LyskrydsTA\Physical\Config1\X20CP1382\AccessAndSecurity\CertificateStore\OwnCertificates\Package.pkg"
    LogicalPath="Config1.X20CP1382.AccessAndSecurity.CertificateStore.OwnCertificates"
    Type="Package"
    LastWriteTime="131552285249421120" />
  <Object
    Path="C:\Users\Kasper\Documents\Matematik RobTek\LyskrydsTA\Physical\Config1\X20CP1382\AccessAndSecurity\CertificateStore\OwnCertificates\Certificates\Package.pkg"
    LogicalPath="Config1.X20CP1382.AccessAndSecurity.CertificateStore.OwnCertificates.Certificates"
    Type="Package"
    LastWriteTime="131552285249194079" />
  <Object
    Path="C:\Users\Kasper\Documents\Matematik RobTek\LyskrydsTA\Physical\Config1\X20CP1382\AccessAndSecurity\CertificateStore\OwnCertificates\PrivateKeys\Package.pkg"
    LogicalPath="Config1.X20CP1382.AccessAndSecurity.CertificateStore.OwnCertificates.PrivateKeys"
    Type="Package"
    LastWriteTime="131552285249421120" />
  <Object
    Path="C:\Users\Kasper\Documents\Matematik RobTek\LyskrydsTA\Physical\Config1\X20CP1382\AccessAndSecurity\CertificateStore\ThirdPartyCertificates\Package.pkg"
    LogicalPath="Config1.X20CP1382.AccessAndSecurity.CertificateStore.ThirdPartyCertificates"
    Type="Package"
    LastWriteTime="131552285249733679" />
  <Object
    Path="C:\Users\Kasper\Documents\Matematik RobTek\LyskrydsTA\Physical\Config1\X20CP1382\AccessAndSecurity\CertificateStore\ThirdPartyCertificates\SoftwareCertificates\Package.pkg"
    LogicalPath="Config1.X20CP1382.AccessAndSecurity.CertificateStore.ThirdPartyCertificates.SoftwareCertificates"
    Type="Package"
    LastWriteTime="131552285249577388" />
  <Object
    Path="C:\Users\Kasper\Documents\Matematik RobTek\LyskrydsTA\Physical\Config1\X20CP1382\AccessAndSecurity\CertificateStore\CertificateRevocationLists\Package.pkg"
    LogicalPath="Config1.X20CP1382.AccessAndSecurity.CertificateStore.CertificateRevocationLists"
    Type="Package"
    LastWriteTime="131552285249733679" />
  <Object
    Path="C:\Users\Kasper\Documents\Matematik RobTek\LyskrydsTA\Physical\Config1\X20CP1382\AccessAndSecurity\CertificateStore\CertificateSigningRequests\Package.pkg"
    LogicalPath="Config1.X20CP1382.AccessAndSecurity.CertificateStore.CertificateSigningRequests"
    Type="Package"
    LastWriteTime="131552285249889904" />
  <Object
    Path="C:\Users\Kasper\Documents\Matematik RobTek\LyskrydsTA\Physical\Config1\X20CP1382\AccessAndSecurity\TransportLayerSecurity\Package.pkg"
    LogicalPath="Config1.X20CP1382.AccessAndSecurity.TransportLayerSecurity"
    Type="Package"
    LastWriteTime="131552285250202426" />
  <Object
    Path="C:\Users\Kasper\Documents\Matematik RobTek\LyskrydsTA\Physical\Config1\X20CP1382\VC\Package.pkg"
    LogicalPath="Config1.X20CP1382.VC"
    Type="Package"
    LastWriteTime="131553850856034625" />
  <Object
    Path="C:\Users\Kasper\Documents\Matematik RobTek\LyskrydsTA\Physical\Config1\X20CP1382\VC\PS2-Keyboard.dis"
    LogicalPath="Config1.X20CP1382.VC.PS2-Keyboard.dis"
    Type="File"
    LastWriteTime="131553850856504948"
    Private="false" />
  <Object
    Path="C:\Users\Kasper\Documents\Matematik RobTek\LyskrydsTA\Physical\Config1\Hardware.jpg"
    LogicalPath="Config1.Hardware.jpg"
    Type="File"
    LastWriteTime="131552296728350730"
    Private="false" />
  <Object
    Path="C:\Users\Kasper\Documents\Matematik RobTek\LyskrydsTA\Logical\Libraries\AsIecCon\SG4\AsIecCon.h"
    LogicalPath="AsIecCon.h"
    Type="File"
    LastWriteTime="131405575140000000"
    Private="false" />
  <Object
    Path="C:\Users\Kasper\Documents\Matematik RobTek\LyskrydsTA\Logical\Libraries\astime\SG4\astime.h"
    LogicalPath="astime.h"
    Type="File"
    LastWriteTime="131405575180000000"
    Private="false" />
  <Object
    Path="C:\Users\Kasper\Documents\Matematik RobTek\LyskrydsTA\Logical\Libraries\operator\SG4\operator.h"
    LogicalPath="operator.h"
    Type="File"
    LastWriteTime="131405575220000000"
    Private="false" />
  <Object
    Path="C:\Users\Kasper\Documents\Matematik RobTek\LyskrydsTA\Logical\Libraries\runtime\SG4\runtime.h"
    LogicalPath="runtime.h"
    Type="File"
    LastWriteTime="131405575220000000"
    Private="false" />
  <Object
    Path="C:\Users\Kasper\Documents\Matematik RobTek\LyskrydsTA\Logical\Libraries\standard\SG4\standard.h"
    LogicalPath="standard.h"
    Type="File"
    LastWriteTime="131405575220000000"
    Private="false" />
</Objects>